[debug] [2021-06-27T18:20:56.259Z] ----------------------------------------------------------------------
[debug] [2021-06-27T18:20:56.260Z] Command:       C:\Program Files\nodejs\node.exe C:\Users\AJAY REDDY\AppData\Roaming\npm\node_modules\firebase-tools\lib\bin\firebase.js init
[debug] [2021-06-27T18:20:56.261Z] CLI Version:   9.14.0
[debug] [2021-06-27T18:20:56.261Z] Platform:      win32
[debug] [2021-06-27T18:20:56.261Z] Node Version:  v15.4.0
[debug] [2021-06-27T18:20:56.262Z] Time:          Sun Jun 27 2021 23:50:56 GMT+0530 (India Standard Time)
[debug] [2021-06-27T18:20:56.262Z] ----------------------------------------------------------------------
[debug] 
[debug] [2021-06-27T18:20:56.268Z] > command requires scopes: ["email","openid","https://www.googleapis.com/auth/cloudplatformprojects.readonly","https://www.googleapis.com/auth/firebase","https://www.googleapis.com/auth/cloud-platform"]
[debug] [2021-06-27T18:20:56.268Z] > authorizing via signed-in user (ajayreddyramapuram@gmail.com)
[info] 
     ######## #### ########  ######## ########     ###     ######  ########
     ##        ##  ##     ## ##       ##     ##  ##   ##  ##       ##
     ######    ##  ########  ######   ########  #########  ######  ######
     ##        ##  ##    ##  ##       ##     ## ##     ##       ## ##
     ##       #### ##     ## ######## ########  ##     ##  ######  ########

You're about to initialize a Firebase project in this directory:

  D:\insta-clone\insta-clone

[info] 
=== Project Setup
[info] 
[info] First, let's associate this project directory with a Firebase project.
[info] You can create multiple project aliases by running firebase use --add, 
[info] but for now we'll just set up a default project.
[info] 
[debug] [2021-06-27T18:21:59.185Z] >>> [apiv2][query] GET https://firebase.googleapis.com/v1beta1/projects pageSize=100
[debug] [2021-06-27T18:22:00.068Z] <<< [apiv2][status] GET https://firebase.googleapis.com/v1beta1/projects 200
[debug] [2021-06-27T18:22:00.068Z] <<< [apiv2][body] GET https://firebase.googleapis.com/v1beta1/projects [omitted]
[info] i  Using project instagram-clone-cbada (instagram-clone) 
[info] 
=== Hosting Setup
[info] 
[info] Your public directory is the folder (relative to your project directory) that
[info] will contain Hosting assets to be uploaded with firebase deploy. If you
[info] have a build process for your assets, use your build's output directory.
[info] 
[debug] [2021-06-27T18:23:28.060Z] >>> [apiv2][query] GET https://www.gstatic.com/firebasejs/releases.json [none]
[debug] [2021-06-27T18:23:28.483Z] <<< [apiv2][status] GET https://www.gstatic.com/firebasejs/releases.json 200
[debug] [2021-06-27T18:23:28.483Z] <<< [apiv2][body] GET https://www.gstatic.com/firebasejs/releases.json {"current":{"version":"8.6.8","browserURL":"https://www.gstatic.com/firebasejs/8.6.8/firebase.js","packageURL":"https://www.gstatic.com/firebasejs/8.6.8/firebase.tgz"},"live":{"version":"8.6","browserURL":"https://www.gstatic.com/firebasejs/live/8.6/firebase.js","packageURL":"https://www.gstatic.com/firebasejs/live/8.6/firebase.tgz"},"components":{"analytics":"https://www.gstatic.com/firebasejs/8.6.8/firebase-analytics.js","app":"https://www.gstatic.com/firebasejs/8.6.8/firebase-app.js","app-check":"https://www.gstatic.com/firebasejs/8.6.8/firebase-app-check.js","auth":"https://www.gstatic.com/firebasejs/8.6.8/firebase-auth.js","database":"https://www.gstatic.com/firebasejs/8.6.8/firebase-database.js","firestore":"https://www.gstatic.com/firebasejs/8.6.8/firebase-firestore.js","functions":"https://www.gstatic.com/firebasejs/8.6.8/firebase-functions.js","installations":"https://www.gstatic.com/firebasejs/8.6.8/firebase-installations.js","messaging":"https://www.gstatic.com/firebasejs/8.6.8/firebase-messaging.js","storage":"https://www.gstatic.com/firebasejs/8.6.8/firebase-storage.js","performance":"https://www.gstatic.com/firebasejs/8.6.8/firebase-performance.js","remote-config":"https://www.gstatic.com/firebasejs/8.6.8/firebase-remote-config.js","firestore.memory":"https://www.gstatic.com/firebasejs/8.6.8/firebase-firestore.memory.js"}}
[info] +  Wrote build/index.html 
[info] 
[info] i  Detected a .git folder at D:\insta-clone\insta-clone 
[info] i  Authorizing with GitHub to upload your service account to a GitHub repository's secrets store. 
[info] 
[info] Visit this URL on this device to log in:
[info] https://github.com/login/oauth/authorize?client_id=89cf50f02ac6aaed3484&state=220967009&redirect_uri=http%3A%2F%2Flocalhost%3A9005&scope=read%3Auser%20repo%20public_repo
[info] 
[info] Waiting for authentication...
[debug] [2021-06-27T18:23:41.075Z] >>> HTTP REQUEST POST https://github.com/login/oauth/access_token  
 {"client_id":"89cf50f02ac6aaed3484","client_secret":"3330d14abc895d9a74d5f17cd7a00711fa2c5bf0","code":"b5e2f6f49dd3c089cf6c","redirect_uri":"http://localhost:9005","state":"220967009"}
[debug] [2021-06-27T18:23:41.865Z] <<< HTTP RESPONSE 200 {"server":"GitHub.com","date":"Sun, 27 Jun 2021 18:23:41 GMT","content-type":"application/json; charset=utf-8","transfer-encoding":"chunked","vary":"X-PJAX, Accept-Encoding, Accept, X-Requested-With","permissions-policy":"interest-cohort=()","etag":"W/\"003aceadf9d8deb8ba3285a9d4049fa1\"","cache-control":"max-age=0, private, must-revalidate","strict-transport-security":"max-age=31536000; includeSubdomains; preload","x-frame-options":"deny","x-content-type-options":"nosniff","x-xss-protection":"0","referrer-policy":"origin-when-cross-origin, strict-origin-when-cross-origin","expect-ct":"max-age=2592000, report-uri=\"https://api.github.com/_private/browser/errors\"","content-security-policy":"default-src 'none'; base-uri 'self'; block-all-mixed-content; connect-src 'self' uploads.github.com www.githubstatus.com collector.githubapp.com api.github.com github-cloud.s3.amazonaws.com github-production-repository-file-5c1aeb.s3.amazonaws.com github-production-upload-manifest-file-7fdce7.s3.amazonaws.com github-production-user-asset-6210df.s3.amazonaws.com cdn.optimizely.com logx.optimizely.com/v1/events translator.github.com wss://alive.github.com; font-src github.githubassets.com; form-action 'self' github.com gist.github.com; frame-ancestors 'none'; frame-src render.githubusercontent.com render-temp.githubusercontent.com viewscreen.githubusercontent.com; img-src 'self' data: github.githubassets.com identicons.github.com collector.githubapp.com github-cloud.s3.amazonaws.com secured-user-images.githubusercontent.com/ *.githubusercontent.com; manifest-src 'self'; media-src 'none'; script-src github.githubassets.com; style-src 'unsafe-inline' github.githubassets.com; worker-src github.com/socket-worker-3f088aa2.js gist.github.com/socket-worker-3f088aa2.js","x-github-request-id":"F857:4D5E:2F493A:3C57B0:60D8C22D"}
[debug] [2021-06-27T18:23:41.868Z] >>> [apiv2][query] GET https://api.github.com/user [none]
[debug] [2021-06-27T18:23:42.518Z] <<< [apiv2][status] GET https://api.github.com/user 200
[debug] [2021-06-27T18:23:42.518Z] <<< [apiv2][body] GET https://api.github.com/user {"login":"Ajay2908","id":74947404,"node_id":"MDQ6VXNlcjc0OTQ3NDA0","avatar_url":"https://avatars.githubusercontent.com/u/74947404?v=4","gravatar_id":"","url":"https://api.github.com/users/Ajay2908","html_url":"https://github.com/Ajay2908","followers_url":"https://api.github.com/users/Ajay2908/followers","following_url":"https://api.github.com/users/Ajay2908/following{/other_user}","gists_url":"https://api.github.com/users/Ajay2908/gists{/gist_id}","starred_url":"https://api.github.com/users/Ajay2908/starred{/owner}{/repo}","subscriptions_url":"https://api.github.com/users/Ajay2908/subscriptions","organizations_url":"https://api.github.com/users/Ajay2908/orgs","repos_url":"https://api.github.com/users/Ajay2908/repos","events_url":"https://api.github.com/users/Ajay2908/events{/privacy}","received_events_url":"https://api.github.com/users/Ajay2908/received_events","type":"User","site_admin":false,"name":null,"company":null,"blog":"","location":null,"email":null,"hireable":null,"bio":null,"twitter_username":null,"public_repos":7,"public_gists":0,"followers":2,"following":1,"created_at":"2020-11-24T04:36:34Z","updated_at":"2021-06-27T18:23:40Z","private_gists":0,"total_private_repos":2,"owned_private_repos":2,"disk_usage":7441,"collaborators":0,"two_factor_authentication":false,"plan":{"name":"free","space":976562499,"collaborators":0,"private_repos":10000}}
[info] 
[info] +  Success! Logged into GitHub as Ajay2908 
[info] 
[debug] [2021-06-27T18:23:59.371Z] >>> [apiv2][query] GET https://api.github.com/repos/Ajay2908/insta-clone/actions/secrets/public-key type=owner
[debug] [2021-06-27T18:24:00.043Z] <<< [apiv2][status] GET https://api.github.com/repos/Ajay2908/insta-clone/actions/secrets/public-key 404
[debug] [2021-06-27T18:24:00.043Z] <<< [apiv2][body] GET https://api.github.com/repos/Ajay2908/insta-clone/actions/secrets/public-key {"message":"Not Found","documentation_url":"https://docs.github.com/rest/reference/actions#get-a-repository-public-key"}
